<testsuite failures="0"
           name="services/features/002_simulacoes.feature"
           skipped="0"
           tests="10"
           time="0.632374">
   <testcase classname="services.features.002_simulacoes"
             name="Cadastrar Simulações - Positivo"
             time="0.034597">
      <system-out>* url apiUrl .............................................................. passed
Given path "/simulacoes" .................................................. passed
And request ............................................................... passed
When method post .......................................................... passed
Then status 201 ........................................................... passed
And print response ........................................................ passed
And match response contains ............................................... passed</system-out>
   </testcase>
   <testcase classname="services.features.002_simulacoes"
             name="Cadastrar Simulações - Negativo"
             time="0.02474">
      <system-out>* url apiUrl .............................................................. passed
Given path "/simulacoes" .................................................. passed
And request ............................................................... passed
When method post .......................................................... passed
Then status 201 ........................................................... passed
And print response ........................................................ passed
And match response contains ............................................... passed
* url apiUrl .............................................................. passed
Given path "/simulacoes" .................................................. passed
And request ............................................................... passed
When method post .......................................................... passed
Then status 400 ........................................................... passed
And print response ........................................................ passed
And match response == {"erros":{"email": "E-mail deve ser um e-mail válido"}} . passed</system-out>
   </testcase>
   <testcase classname="services.features.002_simulacoes"
             name="Cadastrar Simulações - Negativo"
             time="0.070167">
      <system-out>* url apiUrl .............................................................. passed
Given path "/simulacoes" .................................................. passed
And request ............................................................... passed
When method post .......................................................... passed
Then status 201 ........................................................... passed
And print response ........................................................ passed
And match response contains ............................................... passed
* url apiUrl .............................................................. passed
Given path "/simulacoes" .................................................. passed
And request ............................................................... passed
When method post .......................................................... passed
Then status 400 ........................................................... passed
And print response ........................................................ passed
And match response == {"erros":{"email": "E-mail deve ser um e-mail válido"}} . passed
* url apiUrl .............................................................. passed
Given path "/simulacoes" .................................................. passed
And request ............................................................... passed
When method post .......................................................... passed
Then status 400 ........................................................... passed
And print response ........................................................ passed
And match response == {"mensagem": "CPF duplicado"} ....................... passed</system-out>
   </testcase>
   <testcase classname="services.features.002_simulacoes"
             name="Alterar Simulações - Positivo"
             time="0.313477">
      <system-out>* url apiUrl .............................................................. passed
Given path "/simulacoes" .................................................. passed
And request ............................................................... passed
When method post .......................................................... passed
Then status 201 ........................................................... passed
And print response ........................................................ passed
And match response contains ............................................... passed
* url apiUrl .............................................................. passed
Given path "/simulacoes" .................................................. passed
And request ............................................................... passed
When method post .......................................................... passed
Then status 400 ........................................................... passed
And print response ........................................................ passed
And match response == {"erros":{"email": "E-mail deve ser um e-mail válido"}} . passed
* url apiUrl .............................................................. passed
Given path "/simulacoes" .................................................. passed
And request ............................................................... passed
When method post .......................................................... passed
Then status 400 ........................................................... passed
And print response ........................................................ passed
And match response == {"mensagem": "CPF duplicado"} ....................... passed
* url apiUrl .............................................................. passed
Given path "/simulacoes/35107604684" ...................................... passed
And request ............................................................... passed
When method put ........................................................... passed
Then status 200 ........................................................... passed
And print response ........................................................ passed
And match response contains ............................................... passed</system-out>
   </testcase>
   <testcase classname="services.features.002_simulacoes"
             name="Alterar Simulações - Negativo"
             time="0.033314">
      <system-out>* url apiUrl .............................................................. passed
Given path "/simulacoes" .................................................. passed
And request ............................................................... passed
When method post .......................................................... passed
Then status 201 ........................................................... passed
And print response ........................................................ passed
And match response contains ............................................... passed
* url apiUrl .............................................................. passed
Given path "/simulacoes" .................................................. passed
And request ............................................................... passed
When method post .......................................................... passed
Then status 400 ........................................................... passed
And print response ........................................................ passed
And match response == {"erros":{"email": "E-mail deve ser um e-mail válido"}} . passed
* url apiUrl .............................................................. passed
Given path "/simulacoes" .................................................. passed
And request ............................................................... passed
When method post .......................................................... passed
Then status 400 ........................................................... passed
And print response ........................................................ passed
And match response == {"mensagem": "CPF duplicado"} ....................... passed
* url apiUrl .............................................................. passed
Given path "/simulacoes/35107604684" ...................................... passed
And request ............................................................... passed
When method put ........................................................... passed
Then status 200 ........................................................... passed
And print response ........................................................ passed
And match response contains ............................................... passed
* url apiUrl .............................................................. passed
Given path "/simulacoes64025718499" ....................................... passed
And request ............................................................... passed
When method put ........................................................... passed
Then status 404 ........................................................... passed
* def esultadoConsulta = response ......................................... passed
And print resultadoConsulta ............................................... passed
And match response.message == "No message available" ...................... passed</system-out>
   </testcase>
   <testcase classname="services.features.002_simulacoes"
             name="Consultar todas a Simulações"
             time="0.024016">
      <system-out>* url apiUrl .............................................................. passed
Given path "/simulacoes" .................................................. passed
And request ............................................................... passed
When method post .......................................................... passed
Then status 201 ........................................................... passed
And print response ........................................................ passed
And match response contains ............................................... passed
* url apiUrl .............................................................. passed
Given path "/simulacoes" .................................................. passed
And request ............................................................... passed
When method post .......................................................... passed
Then status 400 ........................................................... passed
And print response ........................................................ passed
And match response == {"erros":{"email": "E-mail deve ser um e-mail válido"}} . passed
* url apiUrl .............................................................. passed
Given path "/simulacoes" .................................................. passed
And request ............................................................... passed
When method post .......................................................... passed
Then status 400 ........................................................... passed
And print response ........................................................ passed
And match response == {"mensagem": "CPF duplicado"} ....................... passed
* url apiUrl .............................................................. passed
Given path "/simulacoes/35107604684" ...................................... passed
And request ............................................................... passed
When method put ........................................................... passed
Then status 200 ........................................................... passed
And print response ........................................................ passed
And match response contains ............................................... passed
* url apiUrl .............................................................. passed
Given path "/simulacoes64025718499" ....................................... passed
And request ............................................................... passed
When method put ........................................................... passed
Then status 404 ........................................................... passed
* def esultadoConsulta = response ......................................... passed
And print resultadoConsulta ............................................... passed
And match response.message == "No message available" ...................... passed
* url apiUrl .............................................................. passed
Given path "/simulacoes" .................................................. passed
When method get ........................................................... passed
Then status 200 ........................................................... passed
And print response ........................................................ passed</system-out>
   </testcase>
   <testcase classname="services.features.002_simulacoes"
             name="Consultar Simulações por CPF"
             time="0.026518">
      <system-out>* url apiUrl .............................................................. passed
Given path "/simulacoes" .................................................. passed
And request ............................................................... passed
When method post .......................................................... passed
Then status 201 ........................................................... passed
And print response ........................................................ passed
And match response contains ............................................... passed
* url apiUrl .............................................................. passed
Given path "/simulacoes" .................................................. passed
And request ............................................................... passed
When method post .......................................................... passed
Then status 400 ........................................................... passed
And print response ........................................................ passed
And match response == {"erros":{"email": "E-mail deve ser um e-mail válido"}} . passed
* url apiUrl .............................................................. passed
Given path "/simulacoes" .................................................. passed
And request ............................................................... passed
When method post .......................................................... passed
Then status 400 ........................................................... passed
And print response ........................................................ passed
And match response == {"mensagem": "CPF duplicado"} ....................... passed
* url apiUrl .............................................................. passed
Given path "/simulacoes/35107604684" ...................................... passed
And request ............................................................... passed
When method put ........................................................... passed
Then status 200 ........................................................... passed
And print response ........................................................ passed
And match response contains ............................................... passed
* url apiUrl .............................................................. passed
Given path "/simulacoes64025718499" ....................................... passed
And request ............................................................... passed
When method put ........................................................... passed
Then status 404 ........................................................... passed
* def esultadoConsulta = response ......................................... passed
And print resultadoConsulta ............................................... passed
And match response.message == "No message available" ...................... passed
* url apiUrl .............................................................. passed
Given path "/simulacoes" .................................................. passed
When method get ........................................................... passed
Then status 200 ........................................................... passed
And print response ........................................................ passed
* url apiUrl .............................................................. passed
Given path "/simulacoes/35107604684" ...................................... passed
When method get ........................................................... passed
And status 200 ............................................................ passed
And print response ........................................................ passed</system-out>
   </testcase>
   <testcase classname="services.features.002_simulacoes"
             name="Consultar Simulações por CPF"
             time="0.021155">
      <system-out>* url apiUrl .............................................................. passed
Given path "/simulacoes" .................................................. passed
And request ............................................................... passed
When method post .......................................................... passed
Then status 201 ........................................................... passed
And print response ........................................................ passed
And match response contains ............................................... passed
* url apiUrl .............................................................. passed
Given path "/simulacoes" .................................................. passed
And request ............................................................... passed
When method post .......................................................... passed
Then status 400 ........................................................... passed
And print response ........................................................ passed
And match response == {"erros":{"email": "E-mail deve ser um e-mail válido"}} . passed
* url apiUrl .............................................................. passed
Given path "/simulacoes" .................................................. passed
And request ............................................................... passed
When method post .......................................................... passed
Then status 400 ........................................................... passed
And print response ........................................................ passed
And match response == {"mensagem": "CPF duplicado"} ....................... passed
* url apiUrl .............................................................. passed
Given path "/simulacoes/35107604684" ...................................... passed
And request ............................................................... passed
When method put ........................................................... passed
Then status 200 ........................................................... passed
And print response ........................................................ passed
And match response contains ............................................... passed
* url apiUrl .............................................................. passed
Given path "/simulacoes64025718499" ....................................... passed
And request ............................................................... passed
When method put ........................................................... passed
Then status 404 ........................................................... passed
* def esultadoConsulta = response ......................................... passed
And print resultadoConsulta ............................................... passed
And match response.message == "No message available" ...................... passed
* url apiUrl .............................................................. passed
Given path "/simulacoes" .................................................. passed
When method get ........................................................... passed
Then status 200 ........................................................... passed
And print response ........................................................ passed
* url apiUrl .............................................................. passed
Given path "/simulacoes/35107604684" ...................................... passed
When method get ........................................................... passed
And status 200 ............................................................ passed
And print response ........................................................ passed
* url apiUrl .............................................................. passed
Given path "/simulacoes/22251237135" ...................................... passed
When method get ........................................................... passed
And status 404 ............................................................ passed
And print response ........................................................ passed</system-out>
   </testcase>
   <testcase classname="services.features.002_simulacoes"
             name="Remover uma simulação"
             time="0.051256">
      <system-out>* url apiUrl .............................................................. passed
Given path "/simulacoes" .................................................. passed
And request ............................................................... passed
When method post .......................................................... passed
Then status 201 ........................................................... passed
And print response ........................................................ passed
And match response contains ............................................... passed
* url apiUrl .............................................................. passed
Given path "/simulacoes" .................................................. passed
And request ............................................................... passed
When method post .......................................................... passed
Then status 400 ........................................................... passed
And print response ........................................................ passed
And match response == {"erros":{"email": "E-mail deve ser um e-mail válido"}} . passed
* url apiUrl .............................................................. passed
Given path "/simulacoes" .................................................. passed
And request ............................................................... passed
When method post .......................................................... passed
Then status 400 ........................................................... passed
And print response ........................................................ passed
And match response == {"mensagem": "CPF duplicado"} ....................... passed
* url apiUrl .............................................................. passed
Given path "/simulacoes/35107604684" ...................................... passed
And request ............................................................... passed
When method put ........................................................... passed
Then status 200 ........................................................... passed
And print response ........................................................ passed
And match response contains ............................................... passed
* url apiUrl .............................................................. passed
Given path "/simulacoes64025718499" ....................................... passed
And request ............................................................... passed
When method put ........................................................... passed
Then status 404 ........................................................... passed
* def esultadoConsulta = response ......................................... passed
And print resultadoConsulta ............................................... passed
And match response.message == "No message available" ...................... passed
* url apiUrl .............................................................. passed
Given path "/simulacoes" .................................................. passed
When method get ........................................................... passed
Then status 200 ........................................................... passed
And print response ........................................................ passed
* url apiUrl .............................................................. passed
Given path "/simulacoes/35107604684" ...................................... passed
When method get ........................................................... passed
And status 200 ............................................................ passed
And print response ........................................................ passed
* url apiUrl .............................................................. passed
Given path "/simulacoes/22251237135" ...................................... passed
When method get ........................................................... passed
And status 404 ............................................................ passed
And print response ........................................................ passed
* url apiUrl .............................................................. passed
Given path "/simulacoes/35107604684" ...................................... passed
When method get ........................................................... passed
* def id = response.id .................................................... passed
Given path "/simulacoes", id .............................................. passed
When method delete ........................................................ passed
Then status 200 ........................................................... passed
And print response ........................................................ passed</system-out>
   </testcase>
   <testcase classname="services.features.002_simulacoes"
             name="Remover uma simulação"
             time="0.033134">
      <system-out>* url apiUrl .............................................................. passed
Given path "/simulacoes" .................................................. passed
And request ............................................................... passed
When method post .......................................................... passed
Then status 201 ........................................................... passed
And print response ........................................................ passed
And match response contains ............................................... passed
* url apiUrl .............................................................. passed
Given path "/simulacoes" .................................................. passed
And request ............................................................... passed
When method post .......................................................... passed
Then status 400 ........................................................... passed
And print response ........................................................ passed
And match response == {"erros":{"email": "E-mail deve ser um e-mail válido"}} . passed
* url apiUrl .............................................................. passed
Given path "/simulacoes" .................................................. passed
And request ............................................................... passed
When method post .......................................................... passed
Then status 400 ........................................................... passed
And print response ........................................................ passed
And match response == {"mensagem": "CPF duplicado"} ....................... passed
* url apiUrl .............................................................. passed
Given path "/simulacoes/35107604684" ...................................... passed
And request ............................................................... passed
When method put ........................................................... passed
Then status 200 ........................................................... passed
And print response ........................................................ passed
And match response contains ............................................... passed
* url apiUrl .............................................................. passed
Given path "/simulacoes64025718499" ....................................... passed
And request ............................................................... passed
When method put ........................................................... passed
Then status 404 ........................................................... passed
* def esultadoConsulta = response ......................................... passed
And print resultadoConsulta ............................................... passed
And match response.message == "No message available" ...................... passed
* url apiUrl .............................................................. passed
Given path "/simulacoes" .................................................. passed
When method get ........................................................... passed
Then status 200 ........................................................... passed
And print response ........................................................ passed
* url apiUrl .............................................................. passed
Given path "/simulacoes/35107604684" ...................................... passed
When method get ........................................................... passed
And status 200 ............................................................ passed
And print response ........................................................ passed
* url apiUrl .............................................................. passed
Given path "/simulacoes/22251237135" ...................................... passed
When method get ........................................................... passed
And status 404 ............................................................ passed
And print response ........................................................ passed
* url apiUrl .............................................................. passed
Given path "/simulacoes/35107604684" ...................................... passed
When method get ........................................................... passed
* def id = response.id .................................................... passed
Given path "/simulacoes", id .............................................. passed
When method delete ........................................................ passed
Then status 200 ........................................................... passed
And print response ........................................................ passed
* url apiUrl .............................................................. passed
Given path "/simulacoes/22251237135" ...................................... passed
When method get ........................................................... passed
* def id = response.id .................................................... passed
Given path "/simulacoes", id .............................................. passed
When method delete ........................................................ passed
Then status 405 ........................................................... passed
And print response ........................................................ passed</system-out>
   </testcase>
</testsuite>
